<?xml version="1.0" encoding="UTF-8"?>
<!-- Generated by org.testng.reporters.JUnitXMLReporter -->
<testsuite hostname="LAPTOP-7S7K48R8" name="Test" tests="4" failures="0" timestamp="7 May 2020 20:10:13 GMT" time="0.04" errors="0">
  <testcase name="tc001" time="0.005" classname="testing.A"/>
  <testcase name="tc003" time="0.001" classname="testing.A"/>
  <testcase name="tc002Second" time="0.001" classname="testing.B"/>
  <testcase name="tc004" time="0.001" classname="testing.C"/>
</testsuite> <!-- Test -->
